<?xml version="1.0" encoding="UTF-8"?>
<!-- Generated by org.testng.reporters.JUnitReportReporter -->
<testsuite hostname="LAPTOP-I71AGAU1" failures="0" tests="1" name="com.Denalli.testcase.VerifyCreatedOrganisationTest" time="16.509" errors="0" timestamp="2023-07-04T11:02:36 IST" skipped="0">
  <testcase classname="com.Denalli.testcase.VerifyCreatedOrganisationTest" name="testCase4" time="16.509"/>
  <system-out/>
</testsuite> <!-- com.Denalli.testcase.VerifyCreatedOrganisationTest -->
