<?xml version="1.0" encoding="UTF-8"?>
<!-- Generated by org.testng.reporters.JUnitReportReporter -->
<testsuite hostname="LAPTOP-I71AGAU1" failures="0" tests="1" name="com.Denalli.testcase.HomeTest" time="9.618" errors="0" timestamp="2023-07-03T16:14:35 IST" skipped="0">
  <testcase classname="com.Denalli.testcase.HomeTest" name="testCase2" time="9.618"/>
  <system-out/>
</testsuite> <!-- com.Denalli.testcase.HomeTest -->
