<?xml version="1.0" encoding="UTF-8"?>
<!-- Generated by org.testng.reporters.JUnitReportReporter -->
<testsuite hostname="LAPTOP-I71AGAU1" failures="0" tests="1" name="com.Denalli.testcase.CreateOrganisationTest" time="14.039" errors="0" timestamp="2023-07-03T17:10:00 IST" skipped="0">
  <testcase classname="com.Denalli.testcase.CreateOrganisationTest" name="testCase3" time="14.039"/>
  <system-out/>
</testsuite> <!-- com.Denalli.testcase.CreateOrganisationTest -->
