<?xml version="1.0" encoding="UTF-8"?>
<!-- Generated by org.testng.reporters.JUnitReportReporter -->
<testsuite hostname="LAPTOP-I71AGAU1" failures="0" tests="1" name="com.Denalli.testcase.LoginTest" time="3.850" errors="0" timestamp="2023-07-03T15:51:41 IST" skipped="0">
  <testcase classname="com.Denalli.testcase.LoginTest" name="testCase" time="3.850"/>
  <system-out/>
</testsuite> <!-- com.Denalli.testcase.LoginTest -->
